2025-03-17T22:13:10.905+05:30  INFO 11140 --- [EmployeePayrollApp] [restartedMain] c.b.E.EmployeePayrollAppApplication      : Starting EmployeePayrollAppApplication using Java 17.0.1 with PID 11140 (C:\Users\Daksh\Desktop\EmployeePayrollApp\target\classes started by Daksh in C:\Users\Daksh\Desktop\EmployeePayrollApp)
2025-03-17T22:13:10.910+05:30  INFO 11140 --- [EmployeePayrollApp] [restartedMain] c.b.E.EmployeePayrollAppApplication      : No active profile set, falling back to 1 default profile: "default"
2025-03-17T22:13:11.008+05:30  INFO 11140 --- [EmployeePayrollApp] [restartedMain] .e.DevToolsPropertyDefaultsPostProcessor : Devtools property defaults active! Set 'spring.devtools.add-properties' to 'false' to disable
2025-03-17T22:13:11.010+05:30  INFO 11140 --- [EmployeePayrollApp] [restartedMain] .e.DevToolsPropertyDefaultsPostProcessor : For additional web related logging consider setting the 'logging.level.web' property to 'DEBUG'
2025-03-17T22:13:12.679+05:30  INFO 11140 --- [EmployeePayrollApp] [restartedMain] .s.d.r.c.RepositoryConfigurationDelegate : Bootstrapping Spring Data JPA repositories in DEFAULT mode.
2025-03-17T22:13:12.774+05:30  INFO 11140 --- [EmployeePayrollApp] [restartedMain] .s.d.r.c.RepositoryConfigurationDelegate : Finished Spring Data repository scanning in 69 ms. Found 1 JPA repository interface.
2025-03-17T22:13:13.687+05:30  INFO 11140 --- [EmployeePayrollApp] [restartedMain] o.s.b.w.embedded.tomcat.TomcatWebServer  : Tomcat initialized with port 8080 (http)
2025-03-17T22:13:13.706+05:30  INFO 11140 --- [EmployeePayrollApp] [restartedMain] o.apache.catalina.core.StandardService   : Starting service [Tomcat]
2025-03-17T22:13:13.706+05:30  INFO 11140 --- [EmployeePayrollApp] [restartedMain] o.apache.catalina.core.StandardEngine    : Starting Servlet engine: [Apache Tomcat/10.1.36]
2025-03-17T22:13:13.791+05:30  INFO 11140 --- [EmployeePayrollApp] [restartedMain] o.a.c.c.C.[Tomcat].[localhost].[/]       : Initializing Spring embedded WebApplicationContext
2025-03-17T22:13:13.792+05:30  INFO 11140 --- [EmployeePayrollApp] [restartedMain] w.s.c.ServletWebServerApplicationContext : Root WebApplicationContext: initialization completed in 2781 ms
2025-03-17T22:13:14.063+05:30  INFO 11140 --- [EmployeePayrollApp] [restartedMain] o.hibernate.jpa.internal.util.LogHelper  : HHH000204: Processing PersistenceUnitInfo [name: default]
2025-03-17T22:13:14.184+05:30  INFO 11140 --- [EmployeePayrollApp] [restartedMain] org.hibernate.Version                    : HHH000412: Hibernate ORM core version 6.6.8.Final
2025-03-17T22:13:14.238+05:30  INFO 11140 --- [EmployeePayrollApp] [restartedMain] o.h.c.internal.RegionFactoryInitiator    : HHH000026: Second-level cache disabled
2025-03-17T22:13:14.675+05:30  INFO 11140 --- [EmployeePayrollApp] [restartedMain] o.s.o.j.p.SpringPersistenceUnitInfo      : No LoadTimeWeaver setup: ignoring JPA class transformer
2025-03-17T22:13:14.723+05:30  INFO 11140 --- [EmployeePayrollApp] [restartedMain] com.zaxxer.hikari.HikariDataSource       : HikariPool-1 - Starting...
2025-03-17T22:13:15.150+05:30  INFO 11140 --- [EmployeePayrollApp] [restartedMain] com.zaxxer.hikari.pool.HikariPool        : HikariPool-1 - Added connection com.mysql.cj.jdbc.ConnectionImpl@6261bd79
2025-03-17T22:13:15.150+05:30  INFO 11140 --- [EmployeePayrollApp] [restartedMain] com.zaxxer.hikari.HikariDataSource       : HikariPool-1 - Start completed.
2025-03-17T22:13:15.197+05:30  WARN 11140 --- [EmployeePayrollApp] [restartedMain] org.hibernate.orm.deprecation            : HHH90000025: MySQL8Dialect does not need to be specified explicitly using 'hibernate.dialect' (remove the property setting and it will be selected by default)
2025-03-17T22:13:15.197+05:30  WARN 11140 --- [EmployeePayrollApp] [restartedMain] org.hibernate.orm.deprecation            : HHH90000026: MySQL8Dialect has been deprecated; use org.hibernate.dialect.MySQLDialect instead
2025-03-17T22:13:15.228+05:30  INFO 11140 --- [EmployeePayrollApp] [restartedMain] org.hibernate.orm.connections.pooling    : HHH10001005: Database info:
	Database JDBC URL [Connecting through datasource 'HikariDataSource (HikariPool-1)']
	Database driver: undefined/unknown
	Database version: 8.0
	Autocommit mode: undefined/unknown
	Isolation level: undefined/unknown
	Minimum pool size: undefined/unknown
	Maximum pool size: undefined/unknown
2025-03-17T22:13:16.541+05:30  INFO 11140 --- [EmployeePayrollApp] [restartedMain] o.h.e.t.j.p.i.JtaPlatformInitiator       : HHH000489: No JTA platform available (set 'hibernate.transaction.jta.platform' to enable JTA platform integration)
2025-03-17T22:13:16.594+05:30  INFO 11140 --- [EmployeePayrollApp] [restartedMain] j.LocalContainerEntityManagerFactoryBean : Initialized JPA EntityManagerFactory for persistence unit 'default'
2025-03-17T22:13:17.213+05:30  WARN 11140 --- [EmployeePayrollApp] [restartedMain] JpaBaseConfiguration$JpaWebConfiguration : spring.jpa.open-in-view is enabled by default. Therefore, database queries may be performed during view rendering. Explicitly configure spring.jpa.open-in-view to disable this warning
2025-03-17T22:13:17.872+05:30  INFO 11140 --- [EmployeePayrollApp] [restartedMain] o.s.b.a.h2.H2ConsoleAutoConfiguration    : H2 console available at '/h2-console'. Database available at 'jdbc:mysql://localhost:3306/payrollservices?createDatabaseIfNotExist=true'
2025-03-17T22:13:17.968+05:30  INFO 11140 --- [EmployeePayrollApp] [restartedMain] o.s.b.d.a.OptionalLiveReloadServer       : LiveReload server is running on port 35729
2025-03-17T22:13:18.024+05:30  INFO 11140 --- [EmployeePayrollApp] [restartedMain] o.s.b.w.embedded.tomcat.TomcatWebServer  : Tomcat started on port 8080 (http) with context path '/'
2025-03-17T22:13:18.040+05:30  INFO 11140 --- [EmployeePayrollApp] [restartedMain] c.b.E.EmployeePayrollAppApplication      : Started EmployeePayrollAppApplication in 8.077 seconds (process running for 9.018)
2025-03-17T22:13:18.119+05:30  INFO 11140 --- [EmployeePayrollApp] [http-nio-8080-exec-1] o.a.c.c.C.[Tomcat].[localhost].[/]       : Initializing Spring DispatcherServlet 'dispatcherServlet'
2025-03-17T22:13:18.119+05:30  INFO 11140 --- [EmployeePayrollApp] [http-nio-8080-exec-1] o.s.web.servlet.DispatcherServlet        : Initializing Servlet 'dispatcherServlet'
2025-03-17T22:13:18.119+05:30  INFO 11140 --- [EmployeePayrollApp] [http-nio-8080-exec-1] o.s.web.servlet.DispatcherServlet        : Completed initialization in 0 ms
2025-03-17T22:13:19.022+05:30  INFO 11140 --- [EmployeePayrollApp] [http-nio-8080-exec-7] o.springdoc.api.AbstractOpenApiResource  : Init duration for springdoc-openapi is: 556 ms
2025-03-17T22:13:24.554+05:30  INFO 11140 --- [EmployeePayrollApp] [SpringApplicationShutdownHook] o.s.b.w.e.tomcat.GracefulShutdown        : Commencing graceful shutdown. Waiting for active requests to complete
2025-03-17T22:13:24.636+05:30  INFO 11140 --- [EmployeePayrollApp] [tomcat-shutdown] o.s.b.w.e.tomcat.GracefulShutdown        : Graceful shutdown complete
2025-03-17T22:13:24.666+05:30  INFO 11140 --- [EmployeePayrollApp] [SpringApplicationShutdownHook] j.LocalContainerEntityManagerFactoryBean : Closing JPA EntityManagerFactory for persistence unit 'default'
2025-03-17T22:13:24.672+05:30  INFO 11140 --- [EmployeePayrollApp] [SpringApplicationShutdownHook] com.zaxxer.hikari.HikariDataSource       : HikariPool-1 - Shutdown initiated...
2025-03-17T22:13:24.733+05:30  INFO 11140 --- [EmployeePayrollApp] [SpringApplicationShutdownHook] com.zaxxer.hikari.HikariDataSource       : HikariPool-1 - Shutdown completed.
